<?xml version="1.0" encoding="UTF-8"?>
<testng-results skipped="0" failed="0" ignored="0" total="2" passed="2">
  <reporter-output>
    <line>
      <![CDATA[welcome to testNG]]>
    </line>
    <line>
      <![CDATA[abcds]]>
    </line>
  </reporter-output>
  <suite name="Default suite" duration-ms="58" started-at="2023-05-05T15:44:19 IST" finished-at="2023-05-05T15:44:19 IST">
    <groups>
    </groups>
    <test name="Default test" duration-ms="58" started-at="2023-05-05T15:44:19 IST" finished-at="2023-05-05T15:44:19 IST">
      <class name="com.actitime.testscript.testDemo">
        <test-method status="PASS" signature="testDemo1()[pri:0, instance:com.actitime.testscript.testDemo@78e67e0a]" name="testDemo1" duration-ms="16" started-at="2023-05-05T15:44:19 IST" finished-at="2023-05-05T15:44:19 IST">
          <reporter-output>
            <line>
              <![CDATA[welcome to testNG]]>
            </line>
          </reporter-output>
        </test-method> <!-- testDemo1 -->
        <test-method status="PASS" signature="testDemo2()[pri:0, instance:com.actitime.testscript.testDemo@78e67e0a]" name="testDemo2" duration-ms="5" started-at="2023-05-05T15:44:19 IST" finished-at="2023-05-05T15:44:19 IST">
          <reporter-output>
            <line>
              <![CDATA[abcds]]>
            </line>
          </reporter-output>
        </test-method> <!-- testDemo2 -->
      </class> <!-- com.actitime.testscript.testDemo -->
    </test> <!-- Default test -->
  </suite> <!-- Default suite -->
</testng-results>
